e:\情報処理技術者\基本情報技術者\vs express 2013 for desktop\vc_projects\puzzle_dxlib_opencv_backup48(顔面検出コード修正)\debug\vc120.pdb
e:\情報処理技術者\基本情報技術者\vs express 2013 for desktop\vc_projects\puzzle_dxlib_opencv_backup48(顔面検出コード修正)\debug\vc120.idb
e:\情報処理技術者\基本情報技術者\vs express 2013 for desktop\vc_projects\puzzle_dxlib_opencv_backup48(顔面検出コード修正)\debug\auto_set.obj
e:\情報処理技術者\基本情報技術者\vs express 2013 for desktop\vc_projects\puzzle_dxlib_opencv_backup48(顔面検出コード修正)\debug\back_image.obj
e:\情報処理技術者\基本情報技術者\vs express 2013 for desktop\vc_projects\puzzle_dxlib_opencv_backup48(顔面検出コード修正)\debug\face_detect.obj
e:\情報処理技術者\基本情報技術者\vs express 2013 for desktop\vc_projects\puzzle_dxlib_opencv_backup48(顔面検出コード修正)\debug\file.obj
e:\情報処理技術者\基本情報技術者\vs express 2013 for desktop\vc_projects\puzzle_dxlib_opencv_backup48(顔面検出コード修正)\debug\drawing_img.obj
e:\情報処理技術者\基本情報技術者\vs express 2013 for desktop\vc_projects\puzzle_dxlib_opencv_backup48(顔面検出コード修正)\debug\mouse.obj
e:\情報処理技術者\基本情報技術者\vs express 2013 for desktop\vc_projects\puzzle_dxlib_opencv_backup48(顔面検出コード修正)\debug\mov.obj
e:\情報処理技術者\基本情報技術者\vs express 2013 for desktop\vc_projects\puzzle_dxlib_opencv_backup48(顔面検出コード修正)\debug\pic_resize.obj
e:\情報処理技術者\基本情報技術者\vs express 2013 for desktop\vc_projects\puzzle_dxlib_opencv_backup48(顔面検出コード修正)\debug\puzzle_main.obj
e:\情報処理技術者\基本情報技術者\vs express 2013 for desktop\vc_projects\puzzle_dxlib_opencv_backup48(顔面検出コード修正)\debug\sound.obj
e:\情報処理技術者\基本情報技術者\vs express 2013 for desktop\vc_projects\puzzle_dxlib_opencv_backup48(顔面検出コード修正)\debug\cha_shu.obj
e:\情報処理技術者\基本情報技術者\vs express 2013 for desktop\vc_projects\puzzle_backup\puzzle_dxlib_opencv_backup48(顔面検出コード修正)\debug\vc120.pdb
e:\情報処理技術者\基本情報技術者\vs express 2013 for desktop\vc_projects\puzzle_backup\puzzle_dxlib_opencv_backup48(顔面検出コード修正)\debug\vc120.idb
e:\情報処理技術者\基本情報技術者\vs express 2013 for desktop\vc_projects\puzzle_backup\puzzle_dxlib_opencv_backup48(顔面検出コード修正)\debug\auto_set.obj
e:\情報処理技術者\基本情報技術者\vs express 2013 for desktop\vc_projects\puzzle_backup\puzzle_dxlib_opencv_backup48(顔面検出コード修正)\debug\back_image.obj
e:\情報処理技術者\基本情報技術者\vs express 2013 for desktop\vc_projects\puzzle_backup\puzzle_dxlib_opencv_backup48(顔面検出コード修正)\debug\face_detect.obj
e:\情報処理技術者\基本情報技術者\vs express 2013 for desktop\vc_projects\puzzle_backup\puzzle_dxlib_opencv_backup48(顔面検出コード修正)\debug\file.obj
e:\情報処理技術者\基本情報技術者\vs express 2013 for desktop\vc_projects\puzzle_backup\puzzle_dxlib_opencv_backup48(顔面検出コード修正)\debug\drawing_img.obj
e:\情報処理技術者\基本情報技術者\vs express 2013 for desktop\vc_projects\puzzle_backup\puzzle_dxlib_opencv_backup48(顔面検出コード修正)\debug\mouse.obj
e:\情報処理技術者\基本情報技術者\vs express 2013 for desktop\vc_projects\puzzle_backup\puzzle_dxlib_opencv_backup48(顔面検出コード修正)\debug\mov.obj
e:\情報処理技術者\基本情報技術者\vs express 2013 for desktop\vc_projects\puzzle_backup\puzzle_dxlib_opencv_backup48(顔面検出コード修正)\debug\pic_resize.obj
e:\情報処理技術者\基本情報技術者\vs express 2013 for desktop\vc_projects\puzzle_backup\puzzle_dxlib_opencv_backup48(顔面検出コード修正)\debug\puzzle_main.obj
e:\情報処理技術者\基本情報技術者\vs express 2013 for desktop\vc_projects\puzzle_backup\puzzle_dxlib_opencv_backup48(顔面検出コード修正)\debug\sound.obj
e:\情報処理技術者\基本情報技術者\vs express 2013 for desktop\vc_projects\puzzle_backup\puzzle_dxlib_opencv_backup48(顔面検出コード修正)\debug\cha_shu.obj
e:\情報処理技術者\基本情報技術者\vs express 2013 for desktop\vc_projects\puzzle_backup\puzzle_dxlib_opencv_backup48(顔面検出コード修正)\debug\puzzle_dxlib.ilk
e:\情報処理技術者\基本情報技術者\vs express 2013 for desktop\vc_projects\puzzle_backup\puzzle_dxlib_opencv_backup48(顔面検出コード修正)\debug\puzzle_dxlib.exe
e:\情報処理技術者\基本情報技術者\vs express 2013 for desktop\vc_projects\puzzle_backup\puzzle_dxlib_opencv_backup48(顔面検出コード修正)\debug\puzzle_dxlib.pdb
e:\情報処理技術者\基本情報技術者\vs express 2013 for desktop\vc_projects\puzzle_dxlib_opencv_backup48(顔面検出コード修正)\debug\puzzle_dxlib.ilk
e:\情報処理技術者\基本情報技術者\vs express 2013 for desktop\vc_projects\puzzle_dxlib_opencv_backup48(顔面検出コード修正)\debug\puzzle_dxlib.exe
e:\情報処理技術者\基本情報技術者\vs express 2013 for desktop\vc_projects\puzzle_dxlib_opencv_backup48(顔面検出コード修正)\debug\puzzle_dxlib.pdb
e:\情報処理技術者\基本情報技術者\vs express 2013 for desktop\vc_projects\puzzle_dxlib_opencv_backup48(顔面検出コード修正)\debug\puzzle_dxlib.tlog\cl.command.1.tlog
e:\情報処理技術者\基本情報技術者\vs express 2013 for desktop\vc_projects\puzzle_dxlib_opencv_backup48(顔面検出コード修正)\debug\puzzle_dxlib.tlog\cl.read.1.tlog
e:\情報処理技術者\基本情報技術者\vs express 2013 for desktop\vc_projects\puzzle_dxlib_opencv_backup48(顔面検出コード修正)\debug\puzzle_dxlib.tlog\cl.write.1.tlog
e:\情報処理技術者\基本情報技術者\vs express 2013 for desktop\vc_projects\puzzle_dxlib_opencv_backup48(顔面検出コード修正)\debug\puzzle_dxlib.tlog\link.command.1.tlog
e:\情報処理技術者\基本情報技術者\vs express 2013 for desktop\vc_projects\puzzle_dxlib_opencv_backup48(顔面検出コード修正)\debug\puzzle_dxlib.tlog\link.read.1.tlog
e:\情報処理技術者\基本情報技術者\vs express 2013 for desktop\vc_projects\puzzle_dxlib_opencv_backup48(顔面検出コード修正)\debug\puzzle_dxlib.tlog\link.write.1.tlog
