e:\情報処理技術者\基本情報技術者\vs express 2013 for desktop\vc_projects\puzzle_dxlib_opencv_backup77(directshow追加)\release\vc120.pdb
e:\情報処理技術者\基本情報技術者\vs express 2013 for desktop\vc_projects\puzzle_dxlib_opencv_backup77(directshow追加)\release\sound.obj
e:\情報処理技術者\基本情報技術者\vs express 2013 for desktop\vc_projects\puzzle_dxlib_opencv_backup77(directshow追加)\release\puzzle_main.obj
e:\情報処理技術者\基本情報技術者\vs express 2013 for desktop\vc_projects\puzzle_dxlib_opencv_backup77(directshow追加)\release\imageread_pic_resize.obj
e:\情報処理技術者\基本情報技術者\vs express 2013 for desktop\vc_projects\puzzle_dxlib_opencv_backup77(directshow追加)\release\move_mov.obj
e:\情報処理技術者\基本情報技術者\vs express 2013 for desktop\vc_projects\puzzle_dxlib_opencv_backup77(directshow追加)\release\menu_mouse.obj
e:\情報処理技術者\基本情報技術者\vs express 2013 for desktop\vc_projects\puzzle_dxlib_opencv_backup77(directshow追加)\release\imageread_drawing_img.obj
e:\情報処理技術者\基本情報技術者\vs express 2013 for desktop\vc_projects\puzzle_dxlib_opencv_backup77(directshow追加)\release\file_file.obj
e:\情報処理技術者\基本情報技術者\vs express 2013 for desktop\vc_projects\puzzle_dxlib_opencv_backup77(directshow追加)\release\face_detect.obj
e:\情報処理技術者\基本情報技術者\vs express 2013 for desktop\vc_projects\puzzle_dxlib_opencv_backup77(directshow追加)\release\move_change.obj
e:\情報処理技術者\基本情報技術者\vs express 2013 for desktop\vc_projects\puzzle_dxlib_opencv_backup77(directshow追加)\release\back_image.obj
e:\情報処理技術者\基本情報技術者\vs express 2013 for desktop\vc_projects\puzzle_dxlib_opencv_backup77(directshow追加)\release\move_auto_matic.obj
e:\情報処理技術者\基本情報技術者\vs express 2013 for desktop\vc_projects\puzzle_dxlib_opencv_backup77(directshow追加)\release\imageread_imageread.obj
e:\情報処理技術者\基本情報技術者\vs express 2013 for desktop\vc_projects\puzzle_dxlib_opencv_backup77(directshow追加)\release\filter_filter.obj
e:\情報処理技術者\基本情報技術者\vs express 2013 for desktop\vc_projects\puzzle_dxlib_opencv_backup77(directshow追加)\release\imagedraw_draw.obj
e:\情報処理技術者\基本情報技術者\vs express 2013 for desktop\vc_projects\puzzle_dxlib_opencv_backup77(directshow追加)\release\puzzle_dxlib.exe
e:\情報処理技術者\基本情報技術者\vs express 2013 for desktop\vc_projects\puzzle_dxlib_opencv_backup77(directshow追加)\release\puzzle_dxlib.pdb
e:\情報処理技術者\基本情報技術者\vs express 2013 for desktop\vc_projects\puzzle_dxlib_opencv_backup77(directshow追加)\release\puzzle_dxlib.tlog\cl.command.1.tlog
e:\情報処理技術者\基本情報技術者\vs express 2013 for desktop\vc_projects\puzzle_dxlib_opencv_backup77(directshow追加)\release\puzzle_dxlib.tlog\cl.read.1.tlog
e:\情報処理技術者\基本情報技術者\vs express 2013 for desktop\vc_projects\puzzle_dxlib_opencv_backup77(directshow追加)\release\puzzle_dxlib.tlog\cl.write.1.tlog
e:\情報処理技術者\基本情報技術者\vs express 2013 for desktop\vc_projects\puzzle_dxlib_opencv_backup77(directshow追加)\release\puzzle_dxlib.tlog\link.command.1.tlog
e:\情報処理技術者\基本情報技術者\vs express 2013 for desktop\vc_projects\puzzle_dxlib_opencv_backup77(directshow追加)\release\puzzle_dxlib.tlog\link.read.1.tlog
e:\情報処理技術者\基本情報技術者\vs express 2013 for desktop\vc_projects\puzzle_dxlib_opencv_backup77(directshow追加)\release\puzzle_dxlib.tlog\link.write.1.tlog
